Compiled jquery.js  (2ms)  (pid 4900)
Compiled jquery_ujs.js  (0ms)  (pid 4900)
Compiled registration.js  (214ms)  (pid 4900)
Compiled static_pages.js  (82ms)  (pid 4900)
Compiled users.js  (140ms)  (pid 4900)
Compiled application.js  (530ms)  (pid 4900)
Compiled registration.css  (31ms)  (pid 4900)
Compiled scaffolds.css  (3380ms)  (pid 4900)
Compiled static_pages.css  (2ms)  (pid 4900)
Compiled users.css  (4ms)  (pid 4900)
Compiled application.css  (3474ms)  (pid 4900)
Compiled jquery.js  (2ms)  (pid 4900)
Compiled jquery_ujs.js  (0ms)  (pid 4900)
Compiled registration.js  (155ms)  (pid 4900)
Compiled static_pages.js  (80ms)  (pid 4900)
Compiled users.js  (362ms)  (pid 4900)
Compiled application.js  (738ms)  (pid 4900)
Compiled registration.css  (9ms)  (pid 4900)
Compiled scaffolds.css  (2248ms)  (pid 4900)
Compiled static_pages.css  (3ms)  (pid 4900)
Compiled users.css  (1ms)  (pid 4900)
Compiled application.css  (2300ms)  (pid 4900)
Compiled jquery.js  (2ms)  (pid 9343)
Compiled jquery_ujs.js  (0ms)  (pid 9343)
Compiled registration.js  (450ms)  (pid 9343)
Compiled static_pages.js  (270ms)  (pid 9343)
Compiled users.js  (235ms)  (pid 9343)
Compiled application.js  (1822ms)  (pid 9343)
Compiled registration.css  (11ms)  (pid 9343)
Compiled scaffolds.css  (4423ms)  (pid 9343)
Compiled static_pages.css  (2ms)  (pid 9343)
Compiled users.css  (1ms)  (pid 9343)
Compiled application.css  (4467ms)  (pid 9343)
Compiled jquery.js  (1ms)  (pid 9343)
Compiled jquery_ujs.js  (0ms)  (pid 9343)
Compiled registration.js  (159ms)  (pid 9343)
Compiled static_pages.js  (86ms)  (pid 9343)
Compiled users.js  (276ms)  (pid 9343)
Compiled application.js  (627ms)  (pid 9343)
Compiled registration.css  (7ms)  (pid 9343)
Compiled scaffolds.css  (1898ms)  (pid 9343)
Compiled static_pages.css  (1ms)  (pid 9343)
Compiled users.css  (1ms)  (pid 9343)
Compiled application.css  (1933ms)  (pid 9343)
Compiled jquery.js  (2ms)  (pid 18132)
Compiled jquery_ujs.js  (0ms)  (pid 18132)
Compiled registration.js  (465ms)  (pid 18132)
Compiled static_pages.js  (74ms)  (pid 18132)
Compiled users.js  (137ms)  (pid 18132)
Compiled application.js  (822ms)  (pid 18132)
Compiled registration.css  (85ms)  (pid 18132)
Compiled scaffolds.css  (1839ms)  (pid 18132)
Compiled static_pages.css  (1ms)  (pid 18132)
Compiled users.css  (1ms)  (pid 18132)
Compiled application.css  (1954ms)  (pid 18132)
Compiled jquery.js  (2ms)  (pid 18132)
Compiled jquery_ujs.js  (0ms)  (pid 18132)
Compiled registration.js  (73ms)  (pid 18132)
Compiled static_pages.js  (72ms)  (pid 18132)
Compiled users.js  (76ms)  (pid 18132)
Compiled application.js  (344ms)  (pid 18132)
Compiled registration.css  (7ms)  (pid 18132)
Compiled scaffolds.css  (1841ms)  (pid 18132)
Compiled static_pages.css  (2ms)  (pid 18132)
Compiled users.css  (1ms)  (pid 18132)
Compiled application.css  (1878ms)  (pid 18132)
Compiled jquery.js  (3ms)  (pid 18310)
Compiled jquery_ujs.js  (0ms)  (pid 18310)
Compiled registration.js  (148ms)  (pid 18310)
Compiled static_pages.js  (74ms)  (pid 18310)
Compiled users.js  (102ms)  (pid 18310)
Compiled application.js  (430ms)  (pid 18310)
Compiled registration.css  (51ms)  (pid 18310)
Compiled scaffolds.css  (1847ms)  (pid 18310)
Compiled static_pages.css  (1ms)  (pid 18310)
Compiled users.css  (1ms)  (pid 18310)
Compiled application.css  (1928ms)  (pid 18310)
Compiled jquery.js  (1ms)  (pid 18310)
Compiled jquery_ujs.js  (0ms)  (pid 18310)
Compiled registration.js  (72ms)  (pid 18310)
Compiled static_pages.js  (71ms)  (pid 18310)
Compiled users.js  (65ms)  (pid 18310)
Compiled application.js  (317ms)  (pid 18310)
Compiled registration.css  (9ms)  (pid 18310)
Compiled scaffolds.css  (1869ms)  (pid 18310)
Compiled static_pages.css  (2ms)  (pid 18310)
Compiled users.css  (2ms)  (pid 18310)
Compiled application.css  (1915ms)  (pid 18310)
Compiled jquery.js  (2ms)  (pid 18337)
Compiled jquery_ujs.js  (0ms)  (pid 18337)
Compiled registration.js  (71ms)  (pid 18337)
Compiled static_pages.js  (75ms)  (pid 18337)
Compiled users.js  (107ms)  (pid 18337)
Compiled application.js  (327ms)  (pid 18337)
Compiled registration.css  (7ms)  (pid 18337)
Compiled scaffolds.css  (1717ms)  (pid 18337)
Compiled static_pages.css  (2ms)  (pid 18337)
Compiled users.css  (1ms)  (pid 18337)
Compiled application.css  (1754ms)  (pid 18337)
Compiled jquery.js  (2ms)  (pid 18337)
Compiled jquery_ujs.js  (0ms)  (pid 18337)
Compiled registration.js  (68ms)  (pid 18337)
Compiled static_pages.js  (76ms)  (pid 18337)
Compiled users.js  (117ms)  (pid 18337)
Compiled application.js  (338ms)  (pid 18337)
Compiled registration.css  (7ms)  (pid 18337)
Compiled scaffolds.css  (1844ms)  (pid 18337)
Compiled static_pages.css  (2ms)  (pid 18337)
Compiled users.css  (1ms)  (pid 18337)
Compiled application.css  (1881ms)  (pid 18337)
Compiled jquery.js  (3ms)  (pid 18435)
Compiled jquery_ujs.js  (0ms)  (pid 18435)
Compiled registration.js  (938ms)  (pid 18435)
Compiled static_pages.js  (216ms)  (pid 18435)
Compiled users.js  (136ms)  (pid 18435)
Compiled application.js  (2229ms)  (pid 18435)
Compiled registration.css  (104ms)  (pid 18435)
Compiled scaffolds.css  (6091ms)  (pid 18435)
Compiled static_pages.css  (2ms)  (pid 18435)
Compiled users.css  (1ms)  (pid 18435)
Compiled application.css  (6474ms)  (pid 18435)
Compiled jquery.js  (1ms)  (pid 18435)
Compiled jquery_ujs.js  (0ms)  (pid 18435)
Compiled registration.js  (328ms)  (pid 18435)
Compiled static_pages.js  (285ms)  (pid 18435)
Compiled users.js  (520ms)  (pid 18435)
Compiled application.js  (1203ms)  (pid 18435)
Compiled registration.css  (225ms)  (pid 18435)
Compiled scaffolds.css  (3828ms)  (pid 18435)
Compiled static_pages.css  (2ms)  (pid 18435)
Compiled users.css  (1ms)  (pid 18435)
Compiled application.css  (4162ms)  (pid 18435)
Compiled jquery.js  (38ms)  (pid 22840)
Compiled jquery_ujs.js  (0ms)  (pid 22840)
Compiled registration.js  (241ms)  (pid 22840)
Compiled static_pages.js  (117ms)  (pid 22840)
Compiled users.js  (78ms)  (pid 22840)
Compiled application.js  (557ms)  (pid 22840)
Compiled registration.css  (76ms)  (pid 22840)
Compiled scaffolds.css  (2345ms)  (pid 22840)
Compiled static_pages.css  (2ms)  (pid 22840)
Compiled users.css  (1ms)  (pid 22840)
Compiled application.css  (2521ms)  (pid 22840)
Compiled jquery.js  (2ms)  (pid 22840)
Compiled jquery_ujs.js  (0ms)  (pid 22840)
Compiled registration.js  (326ms)  (pid 22840)
Compiled static_pages.js  (333ms)  (pid 22840)
Compiled users.js  (134ms)  (pid 22840)
Compiled application.js  (923ms)  (pid 22840)
Compiled registration.css  (13ms)  (pid 22840)
Compiled scaffolds.css  (2397ms)  (pid 22840)
Compiled static_pages.css  (1ms)  (pid 22840)
Compiled users.css  (1ms)  (pid 22840)
Compiled application.css  (2438ms)  (pid 22840)
Compiled jquery.js  (5ms)  (pid 24322)
Compiled jquery_ujs.js  (0ms)  (pid 24322)
Compiled registration.js  (226ms)  (pid 24322)
Compiled static_pages.js  (81ms)  (pid 24322)
Compiled users.js  (69ms)  (pid 24322)
Compiled application.js  (588ms)  (pid 24322)
Compiled registration.css  (460ms)  (pid 24322)
Compiled scaffolds.css  (2458ms)  (pid 24322)
Compiled static_pages.css  (28ms)  (pid 24322)
Compiled users.css  (1ms)  (pid 24322)
Compiled application.css  (3244ms)  (pid 24322)
Compiled jquery.js  (2ms)  (pid 24322)
Compiled jquery_ujs.js  (0ms)  (pid 24322)
Compiled registration.js  (143ms)  (pid 24322)
Compiled static_pages.js  (73ms)  (pid 24322)
Compiled users.js  (128ms)  (pid 24322)
Compiled application.js  (420ms)  (pid 24322)
Compiled registration.css  (8ms)  (pid 24322)
Compiled scaffolds.css  (2017ms)  (pid 24322)
Compiled static_pages.css  (14ms)  (pid 24322)
Compiled users.css  (1ms)  (pid 24322)
Compiled application.css  (2163ms)  (pid 24322)
Compiled jquery.js  (2ms)  (pid 27017)
Compiled jquery_ujs.js  (0ms)  (pid 27017)
Compiled registration.js  (249ms)  (pid 27017)
Compiled static_pages.js  (68ms)  (pid 27017)
Compiled users.js  (69ms)  (pid 27017)
Compiled application.js  (482ms)  (pid 27017)
Compiled registration.css  (43ms)  (pid 27017)
Compiled scaffolds.css  (1805ms)  (pid 27017)
Compiled static_pages.css  (1ms)  (pid 27017)
Compiled users.css  (1ms)  (pid 27017)
Compiled application.css  (1875ms)  (pid 27017)
Compiled jquery.js  (2ms)  (pid 27017)
Compiled jquery_ujs.js  (0ms)  (pid 27017)
Compiled registration.js  (198ms)  (pid 27017)
Compiled static_pages.js  (69ms)  (pid 27017)
Compiled users.js  (75ms)  (pid 27017)
Compiled application.js  (433ms)  (pid 27017)
Compiled registration.css  (47ms)  (pid 27017)
Compiled scaffolds.css  (1695ms)  (pid 27017)
Compiled static_pages.css  (1ms)  (pid 27017)
Compiled users.css  (1ms)  (pid 27017)
Compiled application.css  (1863ms)  (pid 27017)
Compiled jquery.js  (2ms)  (pid 27798)
Compiled jquery_ujs.js  (0ms)  (pid 27798)
Compiled registration.js  (980ms)  (pid 27798)
Compiled static_pages.js  (71ms)  (pid 27798)
Compiled users.js  (78ms)  (pid 27798)
Compiled application.js  (1350ms)  (pid 27798)
Compiled registration.css  (47ms)  (pid 27798)
Compiled scaffolds.css  (2192ms)  (pid 27798)
Compiled static_pages.css  (2ms)  (pid 27798)
Compiled users.css  (2ms)  (pid 27798)
Compiled application.css  (2275ms)  (pid 27798)
Compiled jquery.js  (3ms)  (pid 27798)
Compiled jquery_ujs.js  (0ms)  (pid 27798)
Compiled registration.js  (83ms)  (pid 27798)
Compiled static_pages.js  (144ms)  (pid 27798)
Compiled users.js  (92ms)  (pid 27798)
Compiled application.js  (368ms)  (pid 27798)
Compiled registration.css  (67ms)  (pid 27798)
Compiled scaffolds.css  (2049ms)  (pid 27798)
Compiled static_pages.css  (1ms)  (pid 27798)
Compiled users.css  (1ms)  (pid 27798)
Compiled application.css  (2239ms)  (pid 27798)
Compiled jquery.js  (2ms)  (pid 30235)
Compiled jquery_ujs.js  (0ms)  (pid 30235)
Compiled registration.js  (330ms)  (pid 30235)
Compiled static_pages.js  (99ms)  (pid 30235)
Compiled users.js  (75ms)  (pid 30235)
Compiled application.js  (730ms)  (pid 30235)
Compiled registration.css  (80ms)  (pid 30235)
Compiled scaffolds.css  (1843ms)  (pid 30235)
Compiled static_pages.css  (1ms)  (pid 30235)
Compiled users.css  (1ms)  (pid 30235)
Compiled application.css  (1951ms)  (pid 30235)
Compiled jquery.js  (2ms)  (pid 30235)
Compiled jquery_ujs.js  (0ms)  (pid 30235)
Compiled registration.js  (75ms)  (pid 30235)
Compiled static_pages.js  (112ms)  (pid 30235)
Compiled users.js  (74ms)  (pid 30235)
Compiled application.js  (305ms)  (pid 30235)
Compiled registration.css  (46ms)  (pid 30235)
Compiled scaffolds.css  (1827ms)  (pid 30235)
Compiled static_pages.css  (1ms)  (pid 30235)
Compiled users.css  (1ms)  (pid 30235)
Compiled application.css  (1957ms)  (pid 30235)
Compiled jquery.js  (2ms)  (pid 30933)
Compiled jquery_ujs.js  (0ms)  (pid 30933)
Compiled registration.js  (764ms)  (pid 30933)
Compiled static_pages.js  (78ms)  (pid 30933)
Compiled users.js  (103ms)  (pid 30933)
Compiled application.js  (2124ms)  (pid 30933)
Compiled registration.css  (24ms)  (pid 30933)
Compiled scaffolds.css  (2113ms)  (pid 30933)
Compiled static_pages.css  (2ms)  (pid 30933)
Compiled users.css  (2ms)  (pid 30933)
Compiled application.css  (2211ms)  (pid 30933)
Compiled jquery.js  (2ms)  (pid 30933)
Compiled jquery_ujs.js  (0ms)  (pid 30933)
Compiled registration.js  (89ms)  (pid 30933)
Compiled static_pages.js  (86ms)  (pid 30933)
Compiled users.js  (94ms)  (pid 30933)
Compiled application.js  (367ms)  (pid 30933)
Compiled registration.css  (62ms)  (pid 30933)
Compiled scaffolds.css  (2795ms)  (pid 30933)
Compiled static_pages.css  (1ms)  (pid 30933)
Compiled users.css  (2ms)  (pid 30933)
Compiled application.css  (2972ms)  (pid 30933)
Compiled jquery.js  (3ms)  (pid 31008)
Compiled jquery_ujs.js  (0ms)  (pid 31008)
Compiled registration.js  (396ms)  (pid 31008)
Compiled static_pages.js  (75ms)  (pid 31008)
Compiled users.js  (125ms)  (pid 31008)
Compiled application.js  (762ms)  (pid 31008)
Compiled registration.css  (68ms)  (pid 31008)
Compiled scaffolds.css  (2425ms)  (pid 31008)
Compiled static_pages.css  (1ms)  (pid 31008)
Compiled users.css  (1ms)  (pid 31008)
Compiled application.css  (2555ms)  (pid 31008)
Compiled jquery.js  (1ms)  (pid 31008)
Compiled jquery_ujs.js  (0ms)  (pid 31008)
Compiled registration.js  (70ms)  (pid 31008)
Compiled static_pages.js  (110ms)  (pid 31008)
Compiled users.js  (71ms)  (pid 31008)
Compiled application.js  (287ms)  (pid 31008)
Compiled registration.css  (51ms)  (pid 31008)
Compiled scaffolds.css  (1809ms)  (pid 31008)
Compiled static_pages.css  (1ms)  (pid 31008)
Compiled users.css  (1ms)  (pid 31008)
Compiled application.css  (1948ms)  (pid 31008)
Compiled jquery.js  (3ms)  (pid 17294)
Compiled jquery_ujs.js  (0ms)  (pid 17294)
Compiled registration.js  (251ms)  (pid 17294)
Compiled static_pages.js  (359ms)  (pid 17294)
Compiled users.js  (69ms)  (pid 17294)
Compiled application.js  (757ms)  (pid 17294)
Compiled registration.css  (48ms)  (pid 17294)
Compiled scaffolds.css  (2099ms)  (pid 17294)
Compiled static_pages.css  (1ms)  (pid 17294)
Compiled users.css  (1ms)  (pid 17294)
Compiled application.css  (2173ms)  (pid 17294)
Compiled jquery.js  (2ms)  (pid 17294)
Compiled jquery_ujs.js  (0ms)  (pid 17294)
Compiled registration.js  (158ms)  (pid 17294)
Compiled static_pages.js  (71ms)  (pid 17294)
Compiled users.js  (236ms)  (pid 17294)
Compiled application.js  (564ms)  (pid 17294)
Compiled registration.css  (87ms)  (pid 17294)
Compiled scaffolds.css  (5409ms)  (pid 17294)
Compiled static_pages.css  (2ms)  (pid 17294)
Compiled users.css  (1ms)  (pid 17294)
Compiled application.css  (5567ms)  (pid 17294)
Compiled jquery.js  (1ms)  (pid 17574)
Compiled jquery_ujs.js  (0ms)  (pid 17574)
Compiled registration.js  (113ms)  (pid 17574)
Compiled static_pages.js  (73ms)  (pid 17574)
Compiled users.js  (68ms)  (pid 17574)
Compiled application.js  (291ms)  (pid 17574)
Compiled registration.css  (11ms)  (pid 17574)
Compiled scaffolds.css  (2349ms)  (pid 17574)
Compiled static_pages.css  (2ms)  (pid 17574)
Compiled users.css  (1ms)  (pid 17574)
Compiled application.css  (2396ms)  (pid 17574)
Compiled jquery.js  (3ms)  (pid 17574)
Compiled jquery_ujs.js  (0ms)  (pid 17574)
Compiled registration.js  (128ms)  (pid 17574)
Compiled static_pages.js  (230ms)  (pid 17574)
Compiled users.js  (68ms)  (pid 17574)
Compiled application.js  (525ms)  (pid 17574)
Compiled registration.css  (48ms)  (pid 17574)
Compiled scaffolds.css  (2098ms)  (pid 17574)
Compiled static_pages.css  (2ms)  (pid 17574)
Compiled users.css  (1ms)  (pid 17574)
Compiled application.css  (2179ms)  (pid 17574)
Compiled jquery.js  (1ms)  (pid 26888)
Compiled jquery_ujs.js  (0ms)  (pid 26888)
Compiled registration.js  (818ms)  (pid 26888)
Compiled static_pages.js  (78ms)  (pid 26888)
Compiled users.js  (69ms)  (pid 26888)
Compiled application.js  (1154ms)  (pid 26888)
Compiled registration.css  (51ms)  (pid 26888)
Compiled scaffolds.css  (1884ms)  (pid 26888)
Compiled static_pages.css  (1ms)  (pid 26888)
Compiled users.css  (1ms)  (pid 26888)
Compiled application.css  (2016ms)  (pid 26888)
Compiled jquery.js  (2ms)  (pid 26888)
Compiled jquery_ujs.js  (0ms)  (pid 26888)
Compiled registration.js  (74ms)  (pid 26888)
Compiled static_pages.js  (118ms)  (pid 26888)
Compiled users.js  (75ms)  (pid 26888)
Compiled application.js  (310ms)  (pid 26888)
Compiled registration.css  (8ms)  (pid 26888)
Compiled scaffolds.css  (2022ms)  (pid 26888)
Compiled static_pages.css  (1ms)  (pid 26888)
Compiled users.css  (2ms)  (pid 26888)
Compiled application.css  (2126ms)  (pid 26888)
Compiled jquery.js  (2ms)  (pid 27648)
Compiled jquery_ujs.js  (0ms)  (pid 27648)
Compiled registration.js  (68ms)  (pid 27648)
Compiled static_pages.js  (66ms)  (pid 27648)
Compiled users.js  (71ms)  (pid 27648)
Compiled application.js  (303ms)  (pid 27648)
Compiled registration.css  (48ms)  (pid 27648)
Compiled scaffolds.css  (1833ms)  (pid 27648)
Compiled static_pages.css  (1ms)  (pid 27648)
Compiled users.css  (1ms)  (pid 27648)
Compiled application.css  (1907ms)  (pid 27648)
Compiled jquery.js  (2ms)  (pid 27648)
Compiled jquery_ujs.js  (0ms)  (pid 27648)
Compiled registration.js  (72ms)  (pid 27648)
Compiled static_pages.js  (113ms)  (pid 27648)
Compiled users.js  (72ms)  (pid 27648)
Compiled application.js  (300ms)  (pid 27648)
Compiled registration.css  (7ms)  (pid 27648)
Compiled scaffolds.css  (1837ms)  (pid 27648)
Compiled static_pages.css  (1ms)  (pid 27648)
Compiled users.css  (1ms)  (pid 27648)
Compiled application.css  (1935ms)  (pid 27648)
Compiled jquery.js  (2ms)  (pid 32778)
Compiled jquery_ujs.js  (0ms)  (pid 32778)
Compiled registration.js  (216ms)  (pid 32778)
Compiled static_pages.js  (75ms)  (pid 32778)
Compiled users.js  (74ms)  (pid 32778)
Compiled application.js  (441ms)  (pid 32778)
Compiled registration.css  (66ms)  (pid 32778)
Compiled scaffolds.css  (2228ms)  (pid 32778)
Compiled static_pages.css  (2ms)  (pid 32778)
Compiled users.css  (1ms)  (pid 32778)
Compiled application.css  (2593ms)  (pid 32778)
Compiled jquery.js  (1ms)  (pid 32778)
Compiled jquery_ujs.js  (0ms)  (pid 32778)
Compiled registration.js  (83ms)  (pid 32778)
Compiled static_pages.js  (79ms)  (pid 32778)
Compiled users.js  (69ms)  (pid 32778)
Compiled application.js  (310ms)  (pid 32778)
Compiled registration.css  (97ms)  (pid 32778)
Compiled scaffolds.css  (2937ms)  (pid 32778)
Compiled static_pages.css  (1ms)  (pid 32778)
Compiled users.css  (1ms)  (pid 32778)
Compiled application.css  (3286ms)  (pid 32778)
Compiled jquery.js  (2ms)  (pid 47849)
Compiled jquery_ujs.js  (0ms)  (pid 47849)
Compiled registration.js  (105ms)  (pid 47849)
Compiled static_pages.js  (77ms)  (pid 47849)
Compiled users.js  (69ms)  (pid 47849)
Compiled application.js  (305ms)  (pid 47849)
Compiled registration.css  (11ms)  (pid 47849)
Compiled scaffolds.css  (1761ms)  (pid 47849)
Compiled static_pages.css  (2ms)  (pid 47849)
Compiled users.css  (1ms)  (pid 47849)
Compiled application.css  (2107ms)  (pid 47849)
Compiled jquery.js  (2ms)  (pid 47849)
Compiled jquery_ujs.js  (0ms)  (pid 47849)
Compiled registration.js  (79ms)  (pid 47849)
Compiled static_pages.js  (70ms)  (pid 47849)
Compiled users.js  (74ms)  (pid 47849)
Compiled application.js  (319ms)  (pid 47849)
Compiled registration.css  (62ms)  (pid 47849)
Compiled scaffolds.css  (2048ms)  (pid 47849)
Compiled static_pages.css  (1ms)  (pid 47849)
Compiled users.css  (1ms)  (pid 47849)
Compiled application.css  (2142ms)  (pid 47849)
Compiled jquery.js  (2ms)  (pid 48596)
Compiled jquery_ujs.js  (0ms)  (pid 48596)
Compiled registration.js  (78ms)  (pid 48596)
Compiled static_pages.js  (111ms)  (pid 48596)
Compiled users.js  (71ms)  (pid 48596)
Compiled application.js  (348ms)  (pid 48596)
Compiled registration.css  (8ms)  (pid 48596)
Compiled scaffolds.css  (1835ms)  (pid 48596)
Compiled static_pages.css  (1ms)  (pid 48596)
Compiled users.css  (1ms)  (pid 48596)
Compiled application.css  (1922ms)  (pid 48596)
Compiled jquery.js  (59ms)  (pid 48596)
Compiled jquery_ujs.js  (0ms)  (pid 48596)
Compiled registration.js  (72ms)  (pid 48596)
Compiled static_pages.js  (116ms)  (pid 48596)
Compiled users.js  (78ms)  (pid 48596)
Compiled application.js  (364ms)  (pid 48596)
Compiled registration.css  (7ms)  (pid 48596)
Compiled scaffolds.css  (1861ms)  (pid 48596)
Compiled static_pages.css  (2ms)  (pid 48596)
Compiled users.css  (2ms)  (pid 48596)
Compiled application.css  (1964ms)  (pid 48596)
Compiled jquery.js  (2ms)  (pid 50953)
Compiled jquery_ujs.js  (0ms)  (pid 50953)
Compiled registration.js  (408ms)  (pid 50953)
Compiled static_pages.js  (214ms)  (pid 50953)
Compiled users.js  (306ms)  (pid 50953)
Compiled application.js  (1071ms)  (pid 50953)
Compiled registration.css  (259ms)  (pid 50953)
Compiled scaffolds.css  (2090ms)  (pid 50953)
Compiled static_pages.css  (2ms)  (pid 50953)
Compiled users.css  (1ms)  (pid 50953)
Compiled application.css  (2379ms)  (pid 50953)
Compiled jquery.js  (2ms)  (pid 50953)
Compiled jquery_ujs.js  (0ms)  (pid 50953)
Compiled registration.js  (84ms)  (pid 50953)
Compiled static_pages.js  (419ms)  (pid 50953)
Compiled users.js  (151ms)  (pid 50953)
Compiled application.js  (701ms)  (pid 50953)
Compiled registration.css  (102ms)  (pid 50953)
Compiled scaffolds.css  (2435ms)  (pid 50953)
Compiled static_pages.css  (1ms)  (pid 50953)
Compiled users.css  (1ms)  (pid 50953)
Compiled application.css  (2664ms)  (pid 50953)
Compiled jquery.js  (3ms)  (pid 58148)
Compiled jquery_ujs.js  (0ms)  (pid 58148)
Compiled registration.js  (529ms)  (pid 58148)
Compiled static_pages.js  (66ms)  (pid 58148)
Compiled users.js  (166ms)  (pid 58148)
Compiled application.js  (1294ms)  (pid 58148)
Compiled registration.css  (58ms)  (pid 58148)
Compiled scaffolds.css  (1962ms)  (pid 58148)
Compiled static_pages.css  (1ms)  (pid 58148)
Compiled users.css  (2ms)  (pid 58148)
Compiled application.css  (2082ms)  (pid 58148)
Compiled jquery.js  (2ms)  (pid 58148)
Compiled jquery_ujs.js  (0ms)  (pid 58148)
Compiled registration.js  (69ms)  (pid 58148)
Compiled static_pages.js  (74ms)  (pid 58148)
Compiled users.js  (69ms)  (pid 58148)
Compiled application.js  (444ms)  (pid 58148)
Compiled registration.css  (9ms)  (pid 58148)
Compiled scaffolds.css  (2070ms)  (pid 58148)
Compiled static_pages.css  (1ms)  (pid 58148)
Compiled users.css  (1ms)  (pid 58148)
Compiled application.css  (2104ms)  (pid 58148)
Compiled jquery.js  (1ms)  (pid 58407)
Compiled jquery_ujs.js  (0ms)  (pid 58407)
Compiled registration.js  (98ms)  (pid 58407)
Compiled static_pages.js  (73ms)  (pid 58407)
Compiled users.js  (163ms)  (pid 58407)
Compiled application.js  (452ms)  (pid 58407)
Compiled registration.css  (9ms)  (pid 58407)
Compiled scaffolds.css  (2208ms)  (pid 58407)
Compiled static_pages.css  (2ms)  (pid 58407)
Compiled users.css  (1ms)  (pid 58407)
Compiled application.css  (2252ms)  (pid 58407)
Compiled jquery.js  (2ms)  (pid 58407)
Compiled jquery_ujs.js  (0ms)  (pid 58407)
Compiled registration.js  (71ms)  (pid 58407)
Compiled static_pages.js  (75ms)  (pid 58407)
Compiled users.js  (176ms)  (pid 58407)
Compiled application.js  (449ms)  (pid 58407)
Compiled registration.css  (12ms)  (pid 58407)
Compiled scaffolds.css  (1980ms)  (pid 58407)
Compiled static_pages.css  (2ms)  (pid 58407)
Compiled users.css  (1ms)  (pid 58407)
Compiled application.css  (2022ms)  (pid 58407)
Compiled jquery.js  (2ms)  (pid 60638)
Compiled jquery_ujs.js  (0ms)  (pid 60638)
Compiled registration.js  (68ms)  (pid 60638)
Compiled static_pages.js  (68ms)  (pid 60638)
Compiled users.js  (174ms)  (pid 60638)
Compiled application.js  (445ms)  (pid 60638)
Compiled registration.css  (8ms)  (pid 60638)
Compiled scaffolds.css  (1945ms)  (pid 60638)
Compiled static_pages.css  (1ms)  (pid 60638)
Compiled users.css  (1ms)  (pid 60638)
Compiled application.css  (1978ms)  (pid 60638)
Compiled jquery.js  (2ms)  (pid 60638)
Compiled jquery_ujs.js  (0ms)  (pid 60638)
Compiled registration.js  (72ms)  (pid 60638)
Compiled static_pages.js  (91ms)  (pid 60638)
Compiled users.js  (585ms)  (pid 60638)
Compiled application.js  (998ms)  (pid 60638)
Compiled registration.css  (8ms)  (pid 60638)
Compiled scaffolds.css  (1874ms)  (pid 60638)
Compiled static_pages.css  (1ms)  (pid 60638)
Compiled users.css  (1ms)  (pid 60638)
Compiled application.css  (1910ms)  (pid 60638)
Compiled jquery.js  (2ms)  (pid 65018)
Compiled jquery_ujs.js  (0ms)  (pid 65018)
Compiled registration.js  (449ms)  (pid 65018)
Compiled static_pages.js  (285ms)  (pid 65018)
Compiled users.js  (306ms)  (pid 65018)
Compiled application.js  (1198ms)  (pid 65018)
Compiled registration.css  (9ms)  (pid 65018)
Compiled scaffolds.css  (3286ms)  (pid 65018)
Compiled static_pages.css  (1ms)  (pid 65018)
Compiled users.css  (2ms)  (pid 65018)
Compiled application.css  (3328ms)  (pid 65018)
Compiled jquery.js  (1ms)  (pid 65018)
Compiled jquery_ujs.js  (0ms)  (pid 65018)
Compiled registration.js  (163ms)  (pid 65018)
Compiled static_pages.js  (154ms)  (pid 65018)
Compiled users.js  (185ms)  (pid 65018)
Compiled application.js  (719ms)  (pid 65018)
Compiled registration.css  (34ms)  (pid 65018)
Compiled scaffolds.css  (1908ms)  (pid 65018)
Compiled static_pages.css  (1ms)  (pid 65018)
Compiled users.css  (1ms)  (pid 65018)
Compiled application.css  (2068ms)  (pid 65018)
Compiled jquery.js  (2ms)  (pid 65846)
Compiled jquery_ujs.js  (0ms)  (pid 65846)
Compiled registration.js  (209ms)  (pid 65846)
Compiled static_pages.js  (70ms)  (pid 65846)
Compiled users.js  (167ms)  (pid 65846)
Compiled application.js  (595ms)  (pid 65846)
Compiled registration.css  (11ms)  (pid 65846)
Compiled scaffolds.css  (1954ms)  (pid 65846)
Compiled static_pages.css  (1ms)  (pid 65846)
Compiled users.css  (1ms)  (pid 65846)
Compiled application.css  (1996ms)  (pid 65846)
Compiled jquery.js  (2ms)  (pid 65846)
Compiled jquery_ujs.js  (0ms)  (pid 65846)
Compiled registration.js  (165ms)  (pid 65846)
Compiled static_pages.js  (264ms)  (pid 65846)
Compiled users.js  (176ms)  (pid 65846)
Compiled application.js  (755ms)  (pid 65846)
Compiled registration.css  (9ms)  (pid 65846)
Compiled scaffolds.css  (2346ms)  (pid 65846)
Compiled static_pages.css  (1ms)  (pid 65846)
Compiled users.css  (1ms)  (pid 65846)
Compiled application.css  (2472ms)  (pid 65846)
Compiled jquery.js  (3ms)  (pid 66224)
Compiled jquery_ujs.js  (0ms)  (pid 66224)
Compiled registration.js  (225ms)  (pid 66224)
Compiled static_pages.js  (68ms)  (pid 66224)
Compiled users.js  (160ms)  (pid 66224)
Compiled application.js  (692ms)  (pid 66224)
Compiled registration.css  (68ms)  (pid 66224)
Compiled scaffolds.css  (2064ms)  (pid 66224)
Compiled static_pages.css  (2ms)  (pid 66224)
Compiled users.css  (1ms)  (pid 66224)
Compiled application.css  (2187ms)  (pid 66224)
Compiled jquery.js  (3ms)  (pid 66224)
Compiled jquery_ujs.js  (0ms)  (pid 66224)
Compiled registration.js  (69ms)  (pid 66224)
Compiled static_pages.js  (73ms)  (pid 66224)
Compiled users.js  (70ms)  (pid 66224)
Compiled application.js  (356ms)  (pid 66224)
Compiled registration.css  (8ms)  (pid 66224)
Compiled scaffolds.css  (1842ms)  (pid 66224)
Compiled static_pages.css  (2ms)  (pid 66224)
Compiled users.css  (2ms)  (pid 66224)
Compiled application.css  (2034ms)  (pid 66224)
